2022-03-23 19:46:25.837  INFO 14488 --- [main] g.b.Shirts_Store.ShirtsStoreApplication  : Starting ShirtsStoreApplication using Java 1.8.0_181 on DESKTOP-0HD3U8L with PID 14488 (C:\Users\user\Desktop\Shirts_Store\target\classes started by DinamoTbilisi in C:\Users\user\Desktop\Shirts_Store)
2022-03-23 19:46:25.931  INFO 14488 --- [main] g.b.Shirts_Store.ShirtsStoreApplication  : No active profile set, falling back to default profiles: default
2022-03-23 19:46:33.365  INFO 14488 --- [main] .s.d.r.c.RepositoryConfigurationDelegate : Bootstrapping Spring Data JPA repositories in DEFAULT mode.
2022-03-23 19:46:33.522  INFO 14488 --- [main] .s.d.r.c.RepositoryConfigurationDelegate : Finished Spring Data repository scanning in 119 ms. Found 2 JPA repository interfaces.
2022-03-23 19:46:35.997  INFO 14488 --- [main] o.s.b.w.embedded.tomcat.TomcatWebServer  : Tomcat initialized with port(s): 8080 (http)
2022-03-23 19:46:36.029  INFO 14488 --- [main] o.apache.catalina.core.StandardService   : Starting service [Tomcat]
2022-03-23 19:46:36.029  INFO 14488 --- [main] org.apache.catalina.core.StandardEngine  : Starting Servlet engine: [Apache Tomcat/9.0.56]
2022-03-23 19:46:36.529  INFO 14488 --- [main] o.a.c.c.C.[Tomcat].[localhost].[/]       : Initializing Spring embedded WebApplicationContext
2022-03-23 19:46:36.529  INFO 14488 --- [main] w.s.c.ServletWebServerApplicationContext : Root WebApplicationContext: initialization completed in 10219 ms
2022-03-23 19:46:37.252  INFO 14488 --- [main] com.zaxxer.hikari.HikariDataSource       : HikariPool-1 - Starting...
2022-03-23 19:46:37.270  WARN 14488 --- [main] com.zaxxer.hikari.util.DriverDataSource  : Registered driver with driverClassName=oracle.jdbc.driver.OracleDriver was not found, trying direct instantiation.
2022-03-23 19:46:43.414  INFO 14488 --- [main] com.zaxxer.hikari.HikariDataSource       : HikariPool-1 - Start completed.
2022-03-23 19:46:43.961  INFO 14488 --- [main] o.hibernate.jpa.internal.util.LogHelper  : HHH000204: Processing PersistenceUnitInfo [name: default]
2022-03-23 19:46:44.681  INFO 14488 --- [main] org.hibernate.Version                    : HHH000412: Hibernate ORM core version 5.6.4.Final
2022-03-23 19:46:47.025  INFO 14488 --- [main] o.hibernate.annotations.common.Version   : HCANN000001: Hibernate Commons Annotations {5.1.2.Final}
2022-03-23 19:46:47.775  INFO 14488 --- [main] org.hibernate.dialect.Dialect            : HHH000400: Using dialect: org.hibernate.dialect.Oracle12cDialect
2022-03-23 19:46:50.828  INFO 14488 --- [main] o.h.e.t.j.p.i.JtaPlatformInitiator       : HHH000490: Using JtaPlatform implementation: [org.hibernate.engine.transaction.jta.platform.internal.NoJtaPlatform]
2022-03-23 19:46:50.859  INFO 14488 --- [main] j.LocalContainerEntityManagerFactoryBean : Initialized JPA EntityManagerFactory for persistence unit 'default'
2022-03-23 19:46:52.281  WARN 14488 --- [main] JpaBaseConfiguration$JpaWebConfiguration : spring.jpa.open-in-view is enabled by default. Therefore, database queries may be performed during view rendering. Explicitly configure spring.jpa.open-in-view to disable this warning
2022-03-23 19:46:53.281  WARN 14488 --- [main] ConfigServletWebServerApplicationContext : Exception encountered during context initialization - cancelling refresh attempt: org.springframework.context.ApplicationContextException: Failed to start bean 'webServerStartStop'; nested exception is org.springframework.boot.web.server.PortInUseException: Port 8080 is already in use
2022-03-23 19:46:53.281  INFO 14488 --- [main] j.LocalContainerEntityManagerFactoryBean : Closing JPA EntityManagerFactory for persistence unit 'default'
2022-03-23 19:46:53.281  INFO 14488 --- [main] com.zaxxer.hikari.HikariDataSource       : HikariPool-1 - Shutdown initiated...
2022-03-23 19:46:53.297  INFO 14488 --- [main] com.zaxxer.hikari.HikariDataSource       : HikariPool-1 - Shutdown completed.
2022-03-23 19:46:53.313  INFO 14488 --- [main] o.apache.catalina.core.StandardService   : Stopping service [Tomcat]
2022-03-23 19:46:53.360  INFO 14488 --- [main] ConditionEvaluationReportLoggingListener : 

Error starting ApplicationContext. To display the conditions report re-run your application with 'debug' enabled.
2022-03-23 19:46:53.453 ERROR 14488 --- [main] o.s.b.d.LoggingFailureAnalysisReporter   : 

***************************
APPLICATION FAILED TO START
***************************

Description:

Web server failed to start. Port 8080 was already in use.

Action:

Identify and stop the process that's listening on port 8080 or configure this application to listen on another port.

2022-03-23 19:48:40.223  INFO 10404 --- [main] g.b.Shirts_Store.ShirtsStoreApplication  : Starting ShirtsStoreApplication using Java 1.8.0_181 on DESKTOP-0HD3U8L with PID 10404 (C:\Users\user\Desktop\Shirts_Store\target\classes started by DinamoTbilisi in C:\Users\user\Desktop\Shirts_Store)
2022-03-23 19:48:40.254  INFO 10404 --- [main] g.b.Shirts_Store.ShirtsStoreApplication  : No active profile set, falling back to default profiles: default
2022-03-23 19:48:41.675  INFO 10404 --- [main] .s.d.r.c.RepositoryConfigurationDelegate : Bootstrapping Spring Data JPA repositories in DEFAULT mode.
2022-03-23 19:48:41.785  INFO 10404 --- [main] .s.d.r.c.RepositoryConfigurationDelegate : Finished Spring Data repository scanning in 90 ms. Found 2 JPA repository interfaces.
2022-03-23 19:48:43.207  INFO 10404 --- [main] o.s.b.w.embedded.tomcat.TomcatWebServer  : Tomcat initialized with port(s): 8082 (http)
2022-03-23 19:48:43.207  INFO 10404 --- [main] o.apache.catalina.core.StandardService   : Starting service [Tomcat]
2022-03-23 19:48:43.222  INFO 10404 --- [main] org.apache.catalina.core.StandardEngine  : Starting Servlet engine: [Apache Tomcat/9.0.56]
2022-03-23 19:48:43.597  INFO 10404 --- [main] o.a.c.c.C.[Tomcat].[localhost].[/]       : Initializing Spring embedded WebApplicationContext
2022-03-23 19:48:43.597  INFO 10404 --- [main] w.s.c.ServletWebServerApplicationContext : Root WebApplicationContext: initialization completed in 3203 ms
2022-03-23 19:48:43.898  INFO 10404 --- [main] com.zaxxer.hikari.HikariDataSource       : HikariPool-1 - Starting...
2022-03-23 19:48:43.914  WARN 10404 --- [main] com.zaxxer.hikari.util.DriverDataSource  : Registered driver with driverClassName=oracle.jdbc.driver.OracleDriver was not found, trying direct instantiation.
2022-03-23 19:48:44.898  INFO 10404 --- [main] com.zaxxer.hikari.HikariDataSource       : HikariPool-1 - Start completed.
2022-03-23 19:48:45.164  INFO 10404 --- [main] o.hibernate.jpa.internal.util.LogHelper  : HHH000204: Processing PersistenceUnitInfo [name: default]
2022-03-23 19:48:45.273  INFO 10404 --- [main] org.hibernate.Version                    : HHH000412: Hibernate ORM core version 5.6.4.Final
2022-03-23 19:48:45.616  INFO 10404 --- [main] o.hibernate.annotations.common.Version   : HCANN000001: Hibernate Commons Annotations {5.1.2.Final}
2022-03-23 19:48:45.803  INFO 10404 --- [main] org.hibernate.dialect.Dialect            : HHH000400: Using dialect: org.hibernate.dialect.Oracle12cDialect
2022-03-23 19:48:46.975  INFO 10404 --- [main] o.h.e.t.j.p.i.JtaPlatformInitiator       : HHH000490: Using JtaPlatform implementation: [org.hibernate.engine.transaction.jta.platform.internal.NoJtaPlatform]
2022-03-23 19:48:46.991  INFO 10404 --- [main] j.LocalContainerEntityManagerFactoryBean : Initialized JPA EntityManagerFactory for persistence unit 'default'
2022-03-23 19:48:47.928  WARN 10404 --- [main] JpaBaseConfiguration$JpaWebConfiguration : spring.jpa.open-in-view is enabled by default. Therefore, database queries may be performed during view rendering. Explicitly configure spring.jpa.open-in-view to disable this warning
2022-03-23 19:48:48.553  INFO 10404 --- [main] o.s.b.w.embedded.tomcat.TomcatWebServer  : Tomcat started on port(s): 8082 (http) with context path ''
2022-03-23 19:48:48.584  INFO 10404 --- [main] g.b.Shirts_Store.ShirtsStoreApplication  : Started ShirtsStoreApplication in 9.702 seconds (JVM running for 11.234)
2022-03-23 19:51:35.511  INFO 10404 --- [http-nio-8082-exec-1] o.a.c.c.C.[Tomcat].[localhost].[/]       : Initializing Spring DispatcherServlet 'dispatcherServlet'
2022-03-23 19:51:35.513  INFO 10404 --- [http-nio-8082-exec-1] o.s.web.servlet.DispatcherServlet        : Initializing Servlet 'dispatcherServlet'
2022-03-23 19:51:35.515  INFO 10404 --- [http-nio-8082-exec-1] o.s.web.servlet.DispatcherServlet        : Completed initialization in 2 ms
2022-03-23 19:58:10.819 ERROR 10404 --- [http-nio-8082-exec-10] g.b.S.exception.ExceptionHandler         : იუზერის სახელი არასწორია! , 404 NOT_FOUND, 2022-03-23
2022-03-23 20:05:24.345  INFO 10404 --- [SpringApplicationShutdownHook] j.LocalContainerEntityManagerFactoryBean : Closing JPA EntityManagerFactory for persistence unit 'default'
2022-03-23 20:05:24.345  INFO 10404 --- [SpringApplicationShutdownHook] com.zaxxer.hikari.HikariDataSource       : HikariPool-1 - Shutdown initiated...
2022-03-23 20:05:24.392  INFO 10404 --- [SpringApplicationShutdownHook] com.zaxxer.hikari.HikariDataSource       : HikariPool-1 - Shutdown completed.
